\BOOKMARK [0][-]{chapter.1}{\376\377\137\025\212\000}{}% 1
\BOOKMARK [0][-]{chapter.2}{\376\377\210\114\154\342\173\241\166\204\147\204\220\040\124\214\135\345\117\134\123\237\164\006}{}% 2
\BOOKMARK [1][-]{section.2.1}{\376\377\210\114\154\342\173\241\166\204\147\204\220\040}{chapter.2}% 3
\BOOKMARK [2][-]{subsection.2.1.1}{\376\377\165\065\133\120\147\252}{section.2.1}% 4
\BOOKMARK [2][-]{subsection.2.1.2}{\376\377\117\341\123\367\217\223\121\145\060\001\217\223\121\372\200\046\124\010\210\305\177\156\377\010\142\026\217\223\200\375\210\305\177\156\377\011}{section.2.1}% 5
\BOOKMARK [2][-]{subsection.2.1.3}{\376\377\207\272\145\313\176\277\141\142\154\342\174\373\176\337}{section.2.1}% 6
\BOOKMARK [2][-]{subsection.2.1.4}{\376\377\145\066\226\306\147\201\124\214\145\143\160\355\126\150}{section.2.1}% 7
\BOOKMARK [2][-]{subsection.2.1.5}{\376\377\170\301\200\132\147\137\174\373\176\337\377\010\170\301\200\132\161\046\174\373\176\337\377\011}{section.2.1}% 8
\BOOKMARK [1][-]{section.2.2}{\376\377\210\114\154\342\173\241\145\076\131\047\166\204\127\372\147\054\123\237\164\006}{chapter.2}% 9
\BOOKMARK [2][-]{subsection.2.2.1}{\376\377\123\314\201\124\220\037\214\003\173\241\166\204\230\221\136\046\116\072\116\300\116\110\220\243\116\110\172\204\377\037}{section.2.2}% 10
\BOOKMARK [2][-]{subsection.2.2.2}{\376\377\124\014\153\145}{section.2.2}% 11
\BOOKMARK [2][-]{subsection.2.2.3}{\376\377\177\244\200\132\124\214\145\076\131\047}{section.2.2}% 12
\BOOKMARK [0][-]{chapter.3}{\376\377\207\272\145\313\176\277}{}% 13
\BOOKMARK [1][-]{section.3.1}{\376\377\207\272\145\313\176\277\146\057\140\016\150\067\117\177\165\065\170\301\154\342\220\037\136\246\123\330\141\142\166\204\377\037}{chapter.3}% 14
\BOOKMARK [1][-]{section.3.2}{\376\377\202\162\145\143\162\171\140\047}{chapter.3}% 15
\BOOKMARK [1][-]{section.3.3}{\376\377\200\046\124\010\226\073\142\227}{chapter.3}% 16
\BOOKMARK [1][-]{section.3.4}{\376\377\162\171\140\047\226\073\142\227}{chapter.3}% 17
\BOOKMARK [1][-]{section.3.5}{\376\377\133\236\226\105\166\204\207\272\145\313\176\277}{chapter.3}% 18
\BOOKMARK [2][-]{subsection.3.5.1}{\376\377\116\313\215\050\131\071\143\001\133\371\202\162\145\143\162\171\140\047\166\204\137\161\124\315}{section.3.5}% 19
\BOOKMARK [2][-]{subsection.3.5.2}{\376\377\134\117\205\075\173\122\133\371\202\162\145\143\162\171\140\047\166\204\137\161\124\315}{section.3.5}% 20
\BOOKMARK [2][-]{subsection.3.5.3}{\376\377\116\313\215\050\131\071\143\001\124\214\134\117\205\075\173\122\133\371\200\046\124\010\226\073\142\227\166\204\137\161\124\315}{section.3.5}% 21
\BOOKMARK [2][-]{subsection.3.5.4}{\376\377\133\374\116\035\134\072\133\370\166\204\137\161\124\315}{section.3.5}% 22
\BOOKMARK [0][-]{chapter.4}{\376\377\210\114\154\342\173\241\166\204\145\076\131\047\200\375\122\233}{}% 23
\BOOKMARK [1][-]{section.4.1}{\376\377\165\065\133\120\154\350\123\302\221\317\133\371\130\236\166\312\166\204\137\161\124\315}{chapter.4}% 24
\BOOKMARK [2][-]{subsection.4.1.1}{\376\377\165\065\133\120\154\350\165\065\155\101\166\204\137\161\124\315}{section.4.1}% 25
\BOOKMARK [2][-]{subsection.4.1.2}{\376\377\165\065\133\120\154\350\165\065\123\213\166\204\137\161\124\315}{section.4.1}% 26
\BOOKMARK [2][-]{subsection.4.1.3}{\376\377\165\065\133\120\154\350\166\364\137\204\166\204\137\161\124\315}{section.4.1}% 27
\BOOKMARK [1][-]{section.4.2}{\376\377\232\330\230\221\165\065\127\072\133\371\130\236\166\312\166\204\137\161\124\315}{chapter.4}% 28
\BOOKMARK [2][-]{subsection.4.2.1}{\376\377\207\272\145\313\176\277\166\364\137\204\133\371\130\236\166\312\166\204\137\161\124\315}{section.4.2}% 29
\BOOKMARK [2][-]{subsection.4.2.2}{\376\377\141\142\154\342\154\342\225\177\000\040\000g\000\040\133\371\130\236\166\312\166\204\137\161\124\315}{section.4.2}% 30
\BOOKMARK [2][-]{subsection.4.2.3}{\376\377\165\065\133\120\154\350\123\112\137\204\116\016\207\272\145\313\176\277\123\112\137\204\116\113\153\324\000\040\000b\000a\000\040\133\371\130\236\166\312\166\204\137\161\124\315}{section.4.2}% 31
\BOOKMARK [1][-]{section.4.3}{\376\377\207\272\145\313\176\277\142\020\220\375\123\312\121\166\116\326\126\340\175\040\133\371\130\236\166\312\166\204\137\161\124\315}{chapter.4}% 32
\BOOKMARK [1][-]{section.4.4}{\376\377\210\114\154\342\173\241\130\236\166\312\166\204\213\241\173\227}{chapter.4}% 33
\BOOKMARK [1][-]{section.4.5}{\376\377\210\114\154\342\173\241\232\330\230\221\174\373\176\337\213\241\173\227\173\200\116\313}{chapter.4}% 34
\BOOKMARK [0][-]{chapter.5}{\376\377\140\016\150\067\121\113\147\015\201\352\157\300\143\057\203\141}{}% 35
\BOOKMARK [1][-]{section.5.1}{\376\377\201\352\157\300\143\057\203\141\146\057\140\016\116\110\126\336\116\213\377\037}{chapter.5}% 36
\BOOKMARK [1][-]{section.5.2}{\376\377\121\205\220\350\123\315\134\004\137\025\215\167\166\204\201\352\157\300\143\057\203\141}{chapter.5}% 37
\BOOKMARK [1][-]{section.5.3}{\376\377\131\026\220\350\123\315\231\210\137\025\215\167\166\204\201\352\157\300\143\057\203\141}{chapter.5}% 38
\BOOKMARK [1][-]{section.5.4}{\376\377\116\214\153\041\165\065\133\120\137\025\215\167\166\204\201\352\157\300\143\057\203\141}{chapter.5}% 39
\BOOKMARK [1][-]{section.5.5}{\376\377\140\016\150\067\122\044\145\255\201\352\157\300\143\057\203\141\377\037}{chapter.5}% 40
\BOOKMARK [0][-]{chapter.6}{\376\377\176\306\165\065\133\120\154\350\146\057\140\016\150\067\137\227\122\060\166\204\377\037}{}% 41
\BOOKMARK [1][-]{section.6.1}{\376\377\165\065\133\120\147\252\166\204\122\006\174\173}{chapter.6}% 42
\BOOKMARK [1][-]{section.6.2}{\376\377\210\114\154\342\173\241\165\065\133\120\147\252\166\204\147\204\220\040}{chapter.6}% 43
\BOOKMARK [2][-]{subsection.6.2.1}{\376\377\117\032\200\132\162\266\165\065\133\120\154\350}{section.6.2}% 44
\BOOKMARK [2][-]{subsection.6.2.2}{\376\377\164\003\137\142\116\214\147\201\173\241}{section.6.2}% 45
\BOOKMARK [1][-]{section.6.3}{\376\377\140\016\150\067\137\227\122\060\116\000\142\212\131\175\166\204\165\065\133\120\147\252}{chapter.6}% 46
\BOOKMARK [2][-]{subsection.6.3.1}{\376\377\133\371\165\065\133\120\147\252\166\204\127\372\147\054\211\201\154\102}{section.6.3}% 47
\BOOKMARK [2][-]{subsection.6.3.2}{\376\377\165\065\133\120\147\252\166\204\123\302\221\317}{section.6.3}% 48
\BOOKMARK [1][-]{section.6.4}{\376\377\116\044\116\052\225\356\230\230}{chapter.6}% 49
\BOOKMARK [2][-]{subsection.6.4.1}{\376\377\165\065\133\120\166\204\160\355\122\035\220\037}{section.6.4}% 50
\BOOKMARK [2][-]{subsection.6.4.2}{\376\377\134\102\155\101\162\171\140\047}{section.6.4}% 51
\BOOKMARK [0][-]{chapter.7}{\376\377\170\301\200\132\147\137\174\373\176\337}{}% 52
\BOOKMARK [1][-]{section.7.1}{\376\377\127\107\123\000\170\301\127\072\116\055\166\204\165\065\133\120\217\320\122\250}{chapter.7}% 53
\BOOKMARK [1][-]{section.7.2}{\376\377\136\003\221\314\156\012\155\101\200\132\147\137}{chapter.7}% 54
\BOOKMARK [2][-]{subsection.7.2.1}{\376\377\116\300\116\110\123\353\136\003\221\314\156\012\155\101\200\132\147\137}{section.7.2}% 55
\BOOKMARK [2][-]{subsection.7.2.2}{\376\377\165\065\133\120\154\350\166\204\201\011\122\250}{section.7.2}% 56
\BOOKMARK [1][-]{section.7.3}{\376\377\124\150\147\037\154\070\170\301\200\132\147\137}{chapter.7}% 57
\BOOKMARK [2][-]{subsection.7.3.1}{\376\377\116\300\116\110\123\353\124\150\147\037\170\301\127\072}{section.7.3}% 58
\BOOKMARK [2][-]{subsection.7.3.2}{\376\377\165\065\133\120\127\050\124\150\147\037\170\301\127\072\116\055\166\204\217\320\122\250}{section.7.3}% 59
\BOOKMARK [2][-]{subsection.7.3.3}{\376\377\165\065\133\120\154\350\127\050\124\150\147\037\127\072\116\055\166\204\201\011\122\250}{section.7.3}% 60
\BOOKMARK [2][-]{subsection.7.3.4}{\376\377\170\301\127\072\174\373\145\160\124\214\124\150\147\037\225\177\136\246}{section.7.3}% 61
\BOOKMARK [2][-]{subsection.7.3.5}{\376\377\140\016\150\067\121\263\133\232\170\301\163\257\166\204\134\072\133\370\000?}{section.7.3}% 62
\BOOKMARK [0][-]{chapter.8}{\376\377\145\066\226\306\147\201\124\214\145\143\160\355\126\150}{}% 63
\BOOKMARK [1][-]{section.8.1}{\376\377\226\115\156\051\166\204\141\017\116\111}{chapter.8}% 64
\BOOKMARK [1][-]{section.8.2}{\376\377\145\143\160\355}{chapter.8}% 65
\BOOKMARK [2][-]{subsection.8.2.1}{\376\377\121\317\134\021\127\050\145\066\226\306\147\201\116\012\116\247\165\037\166\204\160\355\221\317}{section.8.2}% 66
\BOOKMARK [2][-]{subsection.8.2.2}{\376\377\134\075\221\317\142\212\145\066\226\306\147\201\116\012\166\204\160\355\221\317\145\143\143\211}{section.8.2}% 67
\BOOKMARK [1][-]{section.8.3}{\376\377\145\143\160\355\126\150}{chapter.8}% 68
\BOOKMARK [2][-]{subsection.8.3.1}{\376\377\136\046\147\011\177\374\162\107\166\204\145\143\160\355\126\150}{section.8.3}% 69
\BOOKMARK [2][-]{subsection.8.3.2}{\376\377\145\143\160\355\127\127\137\017\145\143\160\355\126\150}{section.8.3}% 70
\BOOKMARK [0][-]{chapter.9}{\376\377\117\341\123\367\217\223\121\145\217\223\121\372\200\046\124\010\210\305\177\156}{}% 71
\BOOKMARK [1][-]{section.9.1}{\376\377\133\371\217\223\200\375\210\305\177\156\147\011\116\300\116\110\211\201\154\102\000?}{chapter.9}% 72
\BOOKMARK [1][-]{section.9.2}{\376\377\217\223\200\375\210\305\177\156\147\011\124\352\121\340\171\315\000?}{chapter.9}% 73
\BOOKMARK [2][-]{subsection.9.2.1}{\376\377\166\364\143\245\137\025\121\372\127\213}{section.9.2}% 74
\BOOKMARK [2][-]{subsection.9.2.2}{\376\377\124\014\217\164\201\124\200\046\124\010\127\213}{section.9.2}% 75
\BOOKMARK [2][-]{subsection.9.2.3}{\376\377\123\315\176\325\207\272\145\313\176\277\127\213}{section.9.2}% 76
\BOOKMARK [2][-]{subsection.9.2.4}{\376\377\154\342\133\374\200\046\124\010\127\213}{section.9.2}% 77
\BOOKMARK [0][-]{chapter.10}{\376\377\210\114\154\342\173\241\146\057\140\016\150\067\122\066\220\040\121\372\147\145\166\204\377\037}{}% 78
\BOOKMARK [1][-]{section.10.1}{\376\377\165\037\116\247\116\000\123\352\210\114\154\342\173\241\211\201\176\317\217\307\131\032\134\021\220\123\135\345\136\217\000?}{chapter.10}% 79
\BOOKMARK [1][-]{section.10.2}{\376\377\226\366\116\366\122\066\220\040\000?}{chapter.10}% 80
\BOOKMARK [2][-]{subsection.10.2.1}{\376\377\171\315\174\173\176\101\131\032\166\204\226\366\116\366\147\120\145\231}{section.10.2}% 81
\BOOKMARK [2][-]{subsection.10.2.2}{\376\377\131\032\171\315\131\032\150\067\166\204\122\240\135\345\145\271\154\325}{section.10.2}% 82
\BOOKMARK [1][-]{section.10.3}{\376\377\226\366\116\366\166\204\156\005\155\027\116\016\160\347\154\042}{chapter.10}% 83
\BOOKMARK [1][-]{section.10.4}{\376\377\220\350\116\366\122\066\220\040}{chapter.10}% 84
\BOOKMARK [2][-]{subsection.10.4.1}{\376\377\221\321\134\136\040\024\226\166\164\367\134\001\143\245\220\350\116\366}{section.10.4}% 85
\BOOKMARK [2][-]{subsection.10.4.2}{\376\377\226\064\147\201\060\001\160\157\116\035\220\350\116\366}{section.10.4}% 86
\BOOKMARK [2][-]{subsection.10.4.3}{\376\377\207\272\145\313\176\277\220\350\116\366}{section.10.4}% 87
\BOOKMARK [1][-]{section.10.5}{\376\377\210\114\154\342\173\241\166\204\210\305\221\115}{chapter.10}% 88
\BOOKMARK [2][-]{subsection.10.5.1}{\376\377\221\115\172\227}{section.10.5}% 89
\BOOKMARK [2][-]{subsection.10.5.2}{\376\377\224\216\161\012}{section.10.5}% 90
\BOOKMARK [2][-]{subsection.10.5.3}{\376\377\210\305\221\115\173\241\202\257}{section.10.5}% 91
\BOOKMARK [1][-]{section.10.6}{\376\377\143\222\154\024}{chapter.10}% 92
\BOOKMARK [1][-]{section.10.7}{\376\377\210\114\154\342\173\241\166\364\155\101\135\345\117\134\162\266\140\001\166\204\214\003\145\164}{chapter.10}% 93
\BOOKMARK [1][-]{section.10.8}{\376\377\121\372\123\202\122\115\166\204\215\050\221\317\150\300\232\214}{chapter.10}% 94
\BOOKMARK [2][-]{subsection.10.8.1}{\376\377\155\113\213\325}{section.10.8}% 95
\BOOKMARK [2][-]{subsection.10.8.2}{\376\377\200\001\160\274}{section.10.8}% 96
\BOOKMARK [2][-]{subsection.10.8.3}{\376\377\133\130\145\076}{section.10.8}% 97
\BOOKMARK [2][-]{subsection.10.8.4}{\376\377\131\015\232\214}{section.10.8}% 98
\BOOKMARK [2][-]{subsection.10.8.5}{\376\377\121\166\133\203}{section.10.8}% 99
\BOOKMARK [0][-]{chapter.11}{\376\377\210\114\154\342\173\241\166\204\162\171\140\047\123\302\221\317\123\312\121\166\155\113\221\317}{}% 100
\BOOKMARK [0][-]{chapter.12}{\376\377\140\016\150\067\117\177\165\050\210\114\154\342\173\241}{}% 101
\BOOKMARK [0][-]{chapter.13}{\376\377\145\066\226\306\147\201\124\214\145\143\160\355\126\150}{}% 102
\BOOKMARK [1][-]{section.13.1}{\376\377\226\115\156\051\166\204\141\017\116\111}{chapter.13}% 103
\BOOKMARK [1][-]{section.13.2}{\376\377\145\143\160\355}{chapter.13}% 104
\BOOKMARK [2][-]{subsection.13.2.1}{\376\377\121\317\134\021\127\050\145\066\226\306\147\201\116\012\116\247\165\037\166\204\160\355\221\317}{section.13.2}% 105
\BOOKMARK [2][-]{subsection.13.2.2}{\376\377\134\075\221\317\142\212\145\066\226\306\147\201\116\012\166\204\160\355\221\317\145\143\143\211}{section.13.2}% 106
\BOOKMARK [1][-]{section.13.3}{\376\377\145\143\160\355\126\150}{chapter.13}% 107
\BOOKMARK [2][-]{subsection.13.3.1}{\376\377\136\046\147\011\177\374\162\107\166\204\145\143\160\355\126\150}{section.13.3}% 108
\BOOKMARK [2][-]{subsection.13.3.2}{\376\377\145\143\160\355\127\127\137\017\145\143\160\355\126\150}{section.13.3}% 109
